# JRE version: OpenJDK Runtime Environment Temurin-17.0.7+7 (17.0.7+7) (build 17.0.7+7)
# Java VM: OpenJDK 64-Bit Server VM Temurin-17.0.7+7 (17.0.7+7, mixed mode, sharing, tiered, compressed oops, compressed class ptrs, g1 gc, windows-amd64)
GC Precious Log:
 CPUs: 16 total, 16 available
 Memory: 16176M
 Large Page Support: Disabled
 NUMA Support: Disabled
 Compressed Oops: Enabled (Zero based)
 Heap Region Size: 2M
 Heap Min Capacity: 512M
 Heap Initial Capacity: 512M
 Heap Max Capacity: 4072M
 Pre-touch: Disabled
 Parallel Workers: 13
 Concurrent Workers: 3
 Concurrent Refinement Workers: 13
 Periodic GC: Disabled
 String Deduplication is enabled
Heap:
 garbage-first heap   total 524288K, used 229793K [0x0000000701800000, 0x0000000800000000)
  region size 2048K, 31 young (63488K), 3 survivors (6144K)
 Metaspace       used 97023K, committed 97856K, reserved 1179648K
  class space    used 12991K, committed 13504K, reserved 1048576K
GC Heap History (20 events):
Event: 6696.438 GC heap before
{Heap before GC invocations=761 (full 306):
 garbage-first heap   total 524288K, used 245116K [0x0000000701800000, 0x0000000800000000)
  region size 2048K, 40 young (81920K), 2 survivors (4096K)
 Metaspace       used 96957K, committed 97792K, reserved 1179648K
  class space    used 12989K, committed 13504K, reserved 1048576K
}
Event: 6696.441 GC heap after
{Heap after GC invocations=762 (full 306):
 garbage-first heap   total 524288K, used 167286K [0x0000000701800000, 0x0000000800000000)
  region size 2048K, 2 young (4096K), 2 survivors (4096K)
 Metaspace       used 96957K, committed 97792K, reserved 1179648K
  class space    used 12989K, committed 13504K, reserved 1048576K
}
Event: 6703.549 GC heap before
{Heap before GC invocations=762 (full 306):
 garbage-first heap   total 524288K, used 245110K [0x0000000701800000, 0x0000000800000000)
  region size 2048K, 40 young (81920K), 2 survivors (4096K)
 Metaspace       used 96975K, committed 97856K, reserved 1179648K
  class space    used 12989K, committed 13504K, reserved 1048576K
}
Event: 6703.554 GC heap after
{Heap after GC invocations=763 (full 306):
 garbage-first heap   total 524288K, used 170287K [0x0000000701800000, 0x0000000800000000)
  region size 2048K, 4 young (8192K), 4 survivors (8192K)
 Metaspace       used 96975K, committed 97856K, reserved 1179648K
  class space    used 12989K, committed 13504K, reserved 1048576K
}
Event: 6708.776 GC heap before
{Heap before GC invocations=763 (full 306):
 garbage-first heap   total 524288K, used 244015K [0x0000000701800000, 0x0000000800000000)
  region size 2048K, 40 young (81920K), 4 survivors (8192K)
 Metaspace       used 96988K, committed 97856K, reserved 1179648K
  class space    used 12989K, committed 13504K, reserved 1048576K
}
Event: 6708.780 GC heap after
{Heap after GC invocations=764 (full 306):
 garbage-first heap   total 524288K, used 170444K [0x0000000701800000, 0x0000000800000000)
  region size 2048K, 3 young (6144K), 3 survivors (6144K)
 Metaspace       used 96988K, committed 97856K, reserved 1179648K
  class space    used 12989K, committed 13504K, reserved 1048576K
}
Event: 6710.908 GC heap before
{Heap before GC invocations=764 (full 306):
 garbage-first heap   total 524288K, used 246220K [0x0000000701800000, 0x0000000800000000)
  region size 2048K, 40 young (81920K), 3 survivors (6144K)
 Metaspace       used 96993K, committed 97856K, reserved 1179648K
  class space    used 12989K, committed 13504K, reserved 1048576K
}
Event: 6710.911 GC heap after
{Heap after GC invocations=765 (full 306):
 garbage-first heap   total 524288K, used 173240K [0x0000000701800000, 0x0000000800000000)
  region size 2048K, 4 young (8192K), 4 survivors (8192K)
 Metaspace       used 96993K, committed 97856K, reserved 1179648K
  class space    used 12989K, committed 13504K, reserved 1048576K
}
Event: 6722.137 GC heap before
{Heap before GC invocations=765 (full 306):
 garbage-first heap   total 524288K, used 246968K [0x0000000701800000, 0x0000000800000000)
  region size 2048K, 40 young (81920K), 4 survivors (8192K)
 Metaspace       used 96993K, committed 97856K, reserved 1179648K
  class space    used 12989K, committed 13504K, reserved 1048576K
}
Event: 6722.144 GC heap after
{Heap after GC invocations=766 (full 306):
 garbage-first heap   total 524288K, used 174087K [0x0000000701800000, 0x0000000800000000)
  region size 2048K, 3 young (6144K), 3 survivors (6144K)
 Metaspace       used 96993K, committed 97856K, reserved 1179648K
  class space    used 12989K, committed 13504K, reserved 1048576K
}
Event: 6737.965 GC heap before
{Heap before GC invocations=766 (full 306):
 garbage-first heap   total 524288K, used 249863K [0x0000000701800000, 0x0000000800000000)
  region size 2048K, 40 young (81920K), 3 survivors (6144K)
 Metaspace       used 96999K, committed 97856K, reserved 1179648K
  class space    used 12991K, committed 13504K, reserved 1048576K
}
Event: 6737.970 GC heap after
{Heap after GC invocations=767 (full 306):
 garbage-first heap   total 524288K, used 173753K [0x0000000701800000, 0x0000000800000000)
  region size 2048K, 3 young (6144K), 3 survivors (6144K)
 Metaspace       used 96999K, committed 97856K, reserved 1179648K
  class space    used 12991K, committed 13504K, reserved 1048576K
}
Event: 6741.850 GC heap before
{Heap before GC invocations=767 (full 306):
 garbage-first heap   total 524288K, used 249529K [0x0000000701800000, 0x0000000800000000)
  region size 2048K, 40 young (81920K), 3 survivors (6144K)
 Metaspace       used 96999K, committed 97856K, reserved 1179648K
  class space    used 12991K, committed 13504K, reserved 1048576K
}
Event: 6741.855 GC heap after
{Heap after GC invocations=768 (full 306):
 garbage-first heap   total 524288K, used 174012K [0x0000000701800000, 0x0000000800000000)
  region size 2048K, 3 young (6144K), 3 survivors (6144K)
 Metaspace       used 96999K, committed 97856K, reserved 1179648K
  class space    used 12991K, committed 13504K, reserved 1048576K
}
Event: 6757.261 GC heap before
{Heap before GC invocations=768 (full 306):
 garbage-first heap   total 524288K, used 249788K [0x0000000701800000, 0x0000000800000000)
  region size 2048K, 40 young (81920K), 3 survivors (6144K)
 Metaspace       used 97010K, committed 97856K, reserved 1179648K
  class space    used 12991K, committed 13504K, reserved 1048576K
}
Event: 6757.265 GC heap after
{Heap after GC invocations=769 (full 306):
 garbage-first heap   total 524288K, used 174284K [0x0000000701800000, 0x0000000800000000)
  region size 2048K, 3 young (6144K), 3 survivors (6144K)
 Metaspace       used 97010K, committed 97856K, reserved 1179648K
  class space    used 12991K, committed 13504K, reserved 1048576K
}
Event: 6758.456 GC heap before
{Heap before GC invocations=769 (full 306):
 garbage-first heap   total 524288K, used 250060K [0x0000000701800000, 0x0000000800000000)
  region size 2048K, 40 young (81920K), 3 survivors (6144K)
 Metaspace       used 97017K, committed 97856K, reserved 1179648K
  class space    used 12991K, committed 13504K, reserved 1048576K
}
Event: 6758.460 GC heap after
{Heap after GC invocations=770 (full 306):
 garbage-first heap   total 524288K, used 174634K [0x0000000701800000, 0x0000000800000000)
  region size 2048K, 3 young (6144K), 3 survivors (6144K)
 Metaspace       used 97017K, committed 97856K, reserved 1179648K
  class space    used 12991K, committed 13504K, reserved 1048576K
}
Event: 6758.837 GC heap before
{Heap before GC invocations=770 (full 306):
 garbage-first heap   total 524288K, used 250410K [0x0000000701800000, 0x0000000800000000)
  region size 2048K, 40 young (81920K), 3 survivors (6144K)
 Metaspace       used 97018K, committed 97856K, reserved 1179648K
  class space    used 12991K, committed 13504K, reserved 1048576K
}
Event: 6758.840 GC heap after
{Heap after GC invocations=771 (full 306):
 garbage-first heap   total 524288K, used 174497K [0x0000000701800000, 0x0000000800000000)
  region size 2048K, 3 young (6144K), 3 survivors (6144K)
 Metaspace       used 97018K, committed 97856K, reserved 1179648K
  class space    used 12991K, committed 13504K, reserved 1048576K
}

