# JRE version: OpenJDK Runtime Environment Temurin-17.0.7+7 (17.0.7+7) (build 17.0.7+7)
# Java VM: OpenJDK 64-Bit Server VM Temurin-17.0.7+7 (17.0.7+7, mixed mode, sharing, tiered, compressed oops, compressed class ptrs, g1 gc, windows-amd64)
GC Precious Log:
 CPUs: 16 total, 16 available
 Memory: 16176M
 Large Page Support: Disabled
 NUMA Support: Disabled
 Compressed Oops: Enabled (Zero based)
 Heap Region Size: 2M
 Heap Min Capacity: 512M
 Heap Initial Capacity: 512M
 Heap Max Capacity: 4072M
 Pre-touch: Disabled
 Parallel Workers: 13
 Concurrent Workers: 3
 Concurrent Refinement Workers: 13
 Periodic GC: Disabled
 String Deduplication is enabled
Heap:
 garbage-first heap   total 524288K, used 124934K [0x0000000701800000, 0x0000000800000000)
  region size 2048K, 26 young (53248K), 1 survivors (2048K)
 Metaspace       used 92009K, committed 92608K, reserved 1179648K
  class space    used 12381K, committed 12672K, reserved 1048576K
GC Heap History (20 events):
Event: 40183.610 GC heap before
{Heap before GC invocations=1458 (full 916):
 garbage-first heap   total 524288K, used 155404K [0x0000000701800000, 0x0000000800000000)
  region size 2048K, 40 young (81920K), 1 survivors (2048K)
 Metaspace       used 92001K, committed 92544K, reserved 1179648K
  class space    used 12381K, committed 12672K, reserved 1048576K
}
Event: 40183.614 GC heap after
{Heap after GC invocations=1459 (full 916):
 garbage-first heap   total 524288K, used 75693K [0x0000000701800000, 0x0000000800000000)
  region size 2048K, 1 young (2048K), 1 survivors (2048K)
 Metaspace       used 92001K, committed 92544K, reserved 1179648K
  class space    used 12381K, committed 12672K, reserved 1048576K
}
Event: 40211.197 GC heap before
{Heap before GC invocations=1459 (full 916):
 garbage-first heap   total 524288K, used 155565K [0x0000000701800000, 0x0000000800000000)
  region size 2048K, 40 young (81920K), 1 survivors (2048K)
 Metaspace       used 92001K, committed 92544K, reserved 1179648K
  class space    used 12381K, committed 12672K, reserved 1048576K
}
Event: 40211.199 GC heap after
{Heap after GC invocations=1460 (full 916):
 garbage-first heap   total 524288K, used 75678K [0x0000000701800000, 0x0000000800000000)
  region size 2048K, 1 young (2048K), 1 survivors (2048K)
 Metaspace       used 92001K, committed 92544K, reserved 1179648K
  class space    used 12381K, committed 12672K, reserved 1048576K
}
Event: 40235.287 GC heap before
{Heap before GC invocations=1460 (full 916):
 garbage-first heap   total 524288K, used 155550K [0x0000000701800000, 0x0000000800000000)
  region size 2048K, 40 young (81920K), 1 survivors (2048K)
 Metaspace       used 92001K, committed 92544K, reserved 1179648K
  class space    used 12381K, committed 12672K, reserved 1048576K
}
Event: 40235.289 GC heap after
{Heap after GC invocations=1461 (full 916):
 garbage-first heap   total 524288K, used 75721K [0x0000000701800000, 0x0000000800000000)
  region size 2048K, 1 young (2048K), 1 survivors (2048K)
 Metaspace       used 92001K, committed 92544K, reserved 1179648K
  class space    used 12381K, committed 12672K, reserved 1048576K
}
Event: 40238.971 GC heap before
{Heap before GC invocations=1461 (full 916):
 garbage-first heap   total 524288K, used 155593K [0x0000000701800000, 0x0000000800000000)
  region size 2048K, 40 young (81920K), 1 survivors (2048K)
 Metaspace       used 92001K, committed 92544K, reserved 1179648K
  class space    used 12381K, committed 12672K, reserved 1048576K
}
Event: 40238.974 GC heap after
{Heap after GC invocations=1462 (full 916):
 garbage-first heap   total 524288K, used 75723K [0x0000000701800000, 0x0000000800000000)
  region size 2048K, 1 young (2048K), 1 survivors (2048K)
 Metaspace       used 92001K, committed 92544K, reserved 1179648K
  class space    used 12381K, committed 12672K, reserved 1048576K
}
Event: 40262.955 GC heap before
{Heap before GC invocations=1462 (full 916):
 garbage-first heap   total 524288K, used 155595K [0x0000000701800000, 0x0000000800000000)
  region size 2048K, 40 young (81920K), 1 survivors (2048K)
 Metaspace       used 92004K, committed 92608K, reserved 1179648K
  class space    used 12381K, committed 12672K, reserved 1048576K
}
Event: 40262.958 GC heap after
{Heap after GC invocations=1463 (full 916):
 garbage-first heap   total 524288K, used 76005K [0x0000000701800000, 0x0000000800000000)
  region size 2048K, 1 young (2048K), 1 survivors (2048K)
 Metaspace       used 92004K, committed 92608K, reserved 1179648K
  class space    used 12381K, committed 12672K, reserved 1048576K
}
Event: 40270.650 GC heap before
{Heap before GC invocations=1463 (full 916):
 garbage-first heap   total 524288K, used 155877K [0x0000000701800000, 0x0000000800000000)
  region size 2048K, 40 young (81920K), 1 survivors (2048K)
 Metaspace       used 92009K, committed 92608K, reserved 1179648K
  class space    used 12381K, committed 12672K, reserved 1048576K
}
Event: 40270.652 GC heap after
{Heap after GC invocations=1464 (full 916):
 garbage-first heap   total 524288K, used 75771K [0x0000000701800000, 0x0000000800000000)
  region size 2048K, 1 young (2048K), 1 survivors (2048K)
 Metaspace       used 92009K, committed 92608K, reserved 1179648K
  class space    used 12381K, committed 12672K, reserved 1048576K
}
Event: 40274.824 GC heap before
{Heap before GC invocations=1464 (full 916):
 garbage-first heap   total 524288K, used 155643K [0x0000000701800000, 0x0000000800000000)
  region size 2048K, 40 young (81920K), 1 survivors (2048K)
 Metaspace       used 92009K, committed 92608K, reserved 1179648K
  class space    used 12381K, committed 12672K, reserved 1048576K
}
Event: 40274.827 GC heap after
{Heap after GC invocations=1465 (full 916):
 garbage-first heap   total 524288K, used 75822K [0x0000000701800000, 0x0000000800000000)
  region size 2048K, 1 young (2048K), 1 survivors (2048K)
 Metaspace       used 92009K, committed 92608K, reserved 1179648K
  class space    used 12381K, committed 12672K, reserved 1048576K
}
Event: 40279.712 GC heap before
{Heap before GC invocations=1465 (full 916):
 garbage-first heap   total 524288K, used 155694K [0x0000000701800000, 0x0000000800000000)
  region size 2048K, 40 young (81920K), 1 survivors (2048K)
 Metaspace       used 92009K, committed 92608K, reserved 1179648K
  class space    used 12381K, committed 12672K, reserved 1048576K
}
Event: 40279.715 GC heap after
{Heap after GC invocations=1466 (full 916):
 garbage-first heap   total 524288K, used 75708K [0x0000000701800000, 0x0000000800000000)
  region size 2048K, 1 young (2048K), 1 survivors (2048K)
 Metaspace       used 92009K, committed 92608K, reserved 1179648K
  class space    used 12381K, committed 12672K, reserved 1048576K
}
Event: 40282.610 GC heap before
{Heap before GC invocations=1466 (full 916):
 garbage-first heap   total 524288K, used 155580K [0x0000000701800000, 0x0000000800000000)
  region size 2048K, 40 young (81920K), 1 survivors (2048K)
 Metaspace       used 92009K, committed 92608K, reserved 1179648K
  class space    used 12381K, committed 12672K, reserved 1048576K
}
Event: 40282.612 GC heap after
{Heap after GC invocations=1467 (full 916):
 garbage-first heap   total 524288K, used 75811K [0x0000000701800000, 0x0000000800000000)
  region size 2048K, 1 young (2048K), 1 survivors (2048K)
 Metaspace       used 92009K, committed 92608K, reserved 1179648K
  class space    used 12381K, committed 12672K, reserved 1048576K
}
Event: 40300.270 GC heap before
{Heap before GC invocations=1467 (full 916):
 garbage-first heap   total 524288K, used 155683K [0x0000000701800000, 0x0000000800000000)
  region size 2048K, 40 young (81920K), 1 survivors (2048K)
 Metaspace       used 92009K, committed 92608K, reserved 1179648K
  class space    used 12381K, committed 12672K, reserved 1048576K
}
Event: 40300.272 GC heap after
{Heap after GC invocations=1468 (full 916):
 garbage-first heap   total 524288K, used 75782K [0x0000000701800000, 0x0000000800000000)
  region size 2048K, 1 young (2048K), 1 survivors (2048K)
 Metaspace       used 92009K, committed 92608K, reserved 1179648K
  class space    used 12381K, committed 12672K, reserved 1048576K
}

