# JRE version: OpenJDK Runtime Environment Temurin-17.0.7+7 (17.0.7+7) (build 17.0.7+7)
# Java VM: OpenJDK 64-Bit Server VM Temurin-17.0.7+7 (17.0.7+7, mixed mode, sharing, tiered, compressed oops, compressed class ptrs, g1 gc, windows-amd64)
GC Precious Log:
 CPUs: 16 total, 16 available
 Memory: 16176M
 Large Page Support: Disabled
 NUMA Support: Disabled
 Compressed Oops: Enabled (Zero based)
 Heap Region Size: 2M
 Heap Min Capacity: 512M
 Heap Initial Capacity: 512M
 Heap Max Capacity: 4072M
 Pre-touch: Disabled
 Parallel Workers: 13
 Concurrent Workers: 3
 Concurrent Refinement Workers: 13
 Periodic GC: Disabled
 String Deduplication is enabled
Heap:
 garbage-first heap   total 524288K, used 212971K [0x0000000701800000, 0x0000000800000000)
  region size 2048K, 20 young (40960K), 3 survivors (6144K)
 Metaspace       used 92721K, committed 93440K, reserved 1179648K
  class space    used 12357K, committed 12736K, reserved 1048576K
GC Heap History (20 events):
Event: 2000.100 GC heap before
{Heap before GC invocations=283 (full 100):
 garbage-first heap   total 524288K, used 238867K [0x0000000701800000, 0x0000000800000000)
  region size 2048K, 40 young (81920K), 3 survivors (6144K)
 Metaspace       used 92613K, committed 93376K, reserved 1179648K
  class space    used 12353K, committed 12736K, reserved 1048576K
}
Event: 2000.103 GC heap after
{Heap after GC invocations=284 (full 100):
 garbage-first heap   total 524288K, used 163093K [0x0000000701800000, 0x0000000800000000)
  region size 2048K, 3 young (6144K), 3 survivors (6144K)
 Metaspace       used 92613K, committed 93376K, reserved 1179648K
  class space    used 12353K, committed 12736K, reserved 1048576K
}
Event: 2028.828 GC heap before
{Heap before GC invocations=284 (full 100):
 garbage-first heap   total 524288K, used 247061K [0x0000000701800000, 0x0000000800000000)
  region size 2048K, 40 young (81920K), 3 survivors (6144K)
 Metaspace       used 92628K, committed 93376K, reserved 1179648K
  class space    used 12353K, committed 12736K, reserved 1048576K
}
Event: 2028.833 GC heap after
{Heap after GC invocations=285 (full 100):
 garbage-first heap   total 524288K, used 172397K [0x0000000701800000, 0x0000000800000000)
  region size 2048K, 4 young (8192K), 4 survivors (8192K)
 Metaspace       used 92628K, committed 93376K, reserved 1179648K
  class space    used 12353K, committed 12736K, reserved 1048576K
}
Event: 2034.976 GC heap before
{Heap before GC invocations=285 (full 100):
 garbage-first heap   total 524288K, used 254317K [0x0000000701800000, 0x0000000800000000)
  region size 2048K, 40 young (81920K), 4 survivors (8192K)
 Metaspace       used 92638K, committed 93376K, reserved 1179648K
  class space    used 12353K, committed 12736K, reserved 1048576K
}
Event: 2034.981 GC heap after
{Heap after GC invocations=286 (full 100):
 garbage-first heap   total 524288K, used 180591K [0x0000000701800000, 0x0000000800000000)
  region size 2048K, 3 young (6144K), 3 survivors (6144K)
 Metaspace       used 92638K, committed 93376K, reserved 1179648K
  class space    used 12353K, committed 12736K, reserved 1048576K
}
Event: 2035.424 GC heap before
{Heap before GC invocations=286 (full 100):
 garbage-first heap   total 524288K, used 256367K [0x0000000701800000, 0x0000000800000000)
  region size 2048K, 40 young (81920K), 3 survivors (6144K)
 Metaspace       used 92638K, committed 93376K, reserved 1179648K
  class space    used 12353K, committed 12736K, reserved 1048576K
}
Event: 2035.429 GC heap after
{Heap after GC invocations=287 (full 100):
 garbage-first heap   total 524288K, used 180298K [0x0000000701800000, 0x0000000800000000)
  region size 2048K, 3 young (6144K), 3 survivors (6144K)
 Metaspace       used 92638K, committed 93376K, reserved 1179648K
  class space    used 12353K, committed 12736K, reserved 1048576K
}
Event: 2037.088 GC heap before
{Heap before GC invocations=287 (full 100):
 garbage-first heap   total 524288K, used 256074K [0x0000000701800000, 0x0000000800000000)
  region size 2048K, 40 young (81920K), 3 survivors (6144K)
 Metaspace       used 92641K, committed 93376K, reserved 1179648K
  class space    used 12353K, committed 12736K, reserved 1048576K
}
Event: 2037.092 GC heap after
{Heap after GC invocations=288 (full 100):
 garbage-first heap   total 524288K, used 180323K [0x0000000701800000, 0x0000000800000000)
  region size 2048K, 3 young (6144K), 3 survivors (6144K)
 Metaspace       used 92641K, committed 93376K, reserved 1179648K
  class space    used 12353K, committed 12736K, reserved 1048576K
}
Event: 2042.500 GC heap before
{Heap before GC invocations=288 (full 100):
 garbage-first heap   total 524288K, used 256099K [0x0000000701800000, 0x0000000800000000)
  region size 2048K, 40 young (81920K), 3 survivors (6144K)
 Metaspace       used 92666K, committed 93440K, reserved 1179648K
  class space    used 12353K, committed 12736K, reserved 1048576K
}
Event: 2042.504 GC heap after
{Heap after GC invocations=289 (full 100):
 garbage-first heap   total 524288K, used 180853K [0x0000000701800000, 0x0000000800000000)
  region size 2048K, 3 young (6144K), 3 survivors (6144K)
 Metaspace       used 92666K, committed 93440K, reserved 1179648K
  class space    used 12353K, committed 12736K, reserved 1048576K
}
Event: 2048.909 GC heap before
{Heap before GC invocations=289 (full 100):
 garbage-first heap   total 524288K, used 256629K [0x0000000701800000, 0x0000000800000000)
  region size 2048K, 40 young (81920K), 3 survivors (6144K)
 Metaspace       used 92691K, committed 93440K, reserved 1179648K
  class space    used 12355K, committed 12736K, reserved 1048576K
}
Event: 2048.912 GC heap after
{Heap after GC invocations=290 (full 100):
 garbage-first heap   total 524288K, used 180718K [0x0000000701800000, 0x0000000800000000)
  region size 2048K, 3 young (6144K), 3 survivors (6144K)
 Metaspace       used 92691K, committed 93440K, reserved 1179648K
  class space    used 12355K, committed 12736K, reserved 1048576K
}
Event: 2051.742 GC heap before
{Heap before GC invocations=290 (full 100):
 garbage-first heap   total 524288K, used 256494K [0x0000000701800000, 0x0000000800000000)
  region size 2048K, 40 young (81920K), 3 survivors (6144K)
 Metaspace       used 92691K, committed 93440K, reserved 1179648K
  class space    used 12355K, committed 12736K, reserved 1048576K
}
Event: 2051.745 GC heap after
{Heap after GC invocations=291 (full 100):
 garbage-first heap   total 524288K, used 180255K [0x0000000701800000, 0x0000000800000000)
  region size 2048K, 3 young (6144K), 3 survivors (6144K)
 Metaspace       used 92691K, committed 93440K, reserved 1179648K
  class space    used 12355K, committed 12736K, reserved 1048576K
}
Event: 2056.354 GC heap before
{Heap before GC invocations=291 (full 100):
 garbage-first heap   total 524288K, used 256031K [0x0000000701800000, 0x0000000800000000)
  region size 2048K, 40 young (81920K), 3 survivors (6144K)
 Metaspace       used 92715K, committed 93440K, reserved 1179648K
  class space    used 12357K, committed 12736K, reserved 1048576K
}
Event: 2056.357 GC heap after
{Heap after GC invocations=292 (full 100):
 garbage-first heap   total 524288K, used 180032K [0x0000000701800000, 0x0000000800000000)
  region size 2048K, 3 young (6144K), 3 survivors (6144K)
 Metaspace       used 92715K, committed 93440K, reserved 1179648K
  class space    used 12357K, committed 12736K, reserved 1048576K
}
Event: 2065.617 GC heap before
{Heap before GC invocations=292 (full 100):
 garbage-first heap   total 524288K, used 255808K [0x0000000701800000, 0x0000000800000000)
  region size 2048K, 40 young (81920K), 3 survivors (6144K)
 Metaspace       used 92719K, committed 93440K, reserved 1179648K
  class space    used 12357K, committed 12736K, reserved 1048576K
}
Event: 2065.620 GC heap after
{Heap after GC invocations=293 (full 100):
 garbage-first heap   total 524288K, used 180203K [0x0000000701800000, 0x0000000800000000)
  region size 2048K, 3 young (6144K), 3 survivors (6144K)
 Metaspace       used 92719K, committed 93440K, reserved 1179648K
  class space    used 12357K, committed 12736K, reserved 1048576K
}

